Using pre-set license
Built from '2020.3/staging' branch; Version is '2020.3.10f1 (297d780c91bc) revision 2719096'; Using compiler version '192528614'; Build Type 'Release'
OS: 'Windows 10 Pro; OS build 19042.985; Version 2009; 64bit' Language: 'ko' Physical Memory: 8146 MB
BatchMode: 1, IsHumanControllingUs: 0, StartBugReporterOnCrash: 0, Is64bit: 1, IsPro: 0

 COMMAND LINE ARGUMENTS:
C:\Program Files\Unity\Hub\Editor\2020.3.10f1\Editor\Unity.exe
-adb2
-batchMode
-noUpm
-name
AssetImportWorker0
-projectPath
C:/Users/admin/Documents/GitHub/Uploading_Unity/0609_Chicken_for_NavMash
-logFile
Logs/AssetImportWorker0.log
-srvPort
56763
Successfully changed project path to: C:/Users/admin/Documents/GitHub/Uploading_Unity/0609_Chicken_for_NavMash
C:/Users/admin/Documents/GitHub/Uploading_Unity/0609_Chicken_for_NavMash
Using Asset Import Pipeline V2.
Refreshing native plugins compatible for Editor in 32.17 ms, found 2 plugins.
Preloading 0 native plugins for Editor in 0.00 ms.
Initialize engine version: 2020.3.10f1 (297d780c91bc)
[Subsystems] Discovering subsystems at path C:/Program Files/Unity/Hub/Editor/2020.3.10f1/Editor/Data/Resources/UnitySubsystems
[Subsystems] Discovering subsystems at path C:/Users/admin/Documents/GitHub/Uploading_Unity/0609_Chicken_for_NavMash/Assets
GfxDevice: creating device client; threaded=0
Direct3D:
    Version:  Direct3D 11.0 [level 11.1]
    Renderer: NVIDIA GeForce GTX 1050 Ti (ID=0x1c82)
    Vendor:   
    VRAM:     4018 MB
    Driver:   27.21.14.5671
Initialize mono
Mono path[0] = 'C:/Program Files/Unity/Hub/Editor/2020.3.10f1/Editor/Data/Managed'
Mono path[1] = 'C:/Program Files/Unity/Hub/Editor/2020.3.10f1/Editor/Data/MonoBleedingEdge/lib/mono/unityjit'
Mono config path = 'C:/Program Files/Unity/Hub/Editor/2020.3.10f1/Editor/Data/MonoBleedingEdge/etc'
Using monoOptions --debugger-agent=transport=dt_socket,embedding=1,server=y,suspend=n,address=127.0.0.1:56184
Begin MonoManager ReloadAssembly
Registering precompiled unity dll's ...
Register platform support module: C:/Program Files/Unity/Hub/Editor/2020.3.10f1/Editor/Data/PlaybackEngines/WindowsStandaloneSupport/UnityEditor.WindowsStandalone.Extensions.dll
Registered in 0.002019 seconds.
Native extension for WindowsStandalone target not found
Refreshing native plugins compatible for Editor in 26.59 ms, found 2 plugins.
Preloading 0 native plugins for Editor in 0.00 ms.
Mono: successfully reloaded assembly
- Completed reload, in  2.396 seconds
Platform modules already initialized, skipping
Registering precompiled user dll's ...
Registered in 0.004428 seconds.
Begin MonoManager ReloadAssembly
Native extension for WindowsStandalone target not found
Refreshing native plugins compatible for Editor in 0.29 ms, found 2 plugins.
Preloading 0 native plugins for Editor in 0.00 ms.
Mono: successfully reloaded assembly
- Completed reload, in  1.069 seconds
Platform modules already initialized, skipping
========================================================================
Worker process is ready to serve import requests
Launched and connected shader compiler UnityShaderCompiler.exe after 0.05 seconds
Refreshing native plugins compatible for Editor in 0.37 ms, found 2 plugins.
Preloading 0 native plugins for Editor in 0.00 ms.
Unloading 1469 Unused Serialized files (Serialized files now loaded: 0)
System memory in use before: 82.9 MB.
System memory in use after: 83.0 MB.

Unloading 23 unused Assets to reduce memory usage. Loaded Objects now: 1926.
Total: 2.295800 ms (FindLiveObjects: 0.167200 ms CreateObjectMapping: 0.056000 ms MarkObjects: 1.932700 ms  DeleteObjects: 0.139000 ms)

========================================================================
Received Import Request.
  path: Assets/Parm
  artifactKey: Guid(2fcc049ff825c3541bb88bbec2c31232) Importer(815301076,1909f56bfc062723c751e8b465ee728b)
Start importing Assets/Parm using Guid(2fcc049ff825c3541bb88bbec2c31232) Importer(815301076,1909f56bfc062723c751e8b465ee728b)  -> (artifact id: '5061b02741e6583740617eed54876ac8') in 0.008771 seconds
  Import took 0.011229 seconds .

========================================================================
Received Import Request.
  Time since last request: 527.137934 seconds.
  path: Assets/Script/CoinManager.cs
  artifactKey: Guid(c3678837c4d93b34cbd4ae403a2ef126) Importer(815301076,1909f56bfc062723c751e8b465ee728b)
Start importing Assets/Script/CoinManager.cs using Guid(c3678837c4d93b34cbd4ae403a2ef126) Importer(815301076,1909f56bfc062723c751e8b465ee728b)  -> (artifact id: 'd9947138e0619170aad6e8dcae6af7f5') in 0.036437 seconds
  Import took 0.039542 seconds .

========================================================================
Received Prepare
Registering precompiled user dll's ...
Registered in 0.004639 seconds.
Begin MonoManager ReloadAssembly
Native extension for WindowsStandalone target not found
Refreshing native plugins compatible for Editor in 0.30 ms, found 2 plugins.
Preloading 0 native plugins for Editor in 0.00 ms.
Mono: successfully reloaded assembly
- Completed reload, in  1.063 seconds
Platform modules already initialized, skipping
Refreshing native plugins compatible for Editor in 0.35 ms, found 2 plugins.
Preloading 0 native plugins for Editor in 0.00 ms.
Unloading 1463 Unused Serialized files (Serialized files now loaded: 0)
System memory in use before: 82.8 MB.
System memory in use after: 82.9 MB.

Unloading 14 unused Assets to reduce memory usage. Loaded Objects now: 1929.
Total: 2.022900 ms (FindLiveObjects: 0.256800 ms CreateObjectMapping: 0.101800 ms MarkObjects: 1.572800 ms  DeleteObjects: 0.089700 ms)

========================================================================
Received Prepare
Registering precompiled user dll's ...
Registered in 0.008811 seconds.
Begin MonoManager ReloadAssembly
Native extension for WindowsStandalone target not found
Refreshing native plugins compatible for Editor in 0.31 ms, found 2 plugins.
Preloading 0 native plugins for Editor in 0.00 ms.
Mono: successfully reloaded assembly
- Completed reload, in  1.347 seconds
Platform modules already initialized, skipping
Refreshing native plugins compatible for Editor in 0.33 ms, found 2 plugins.
Preloading 0 native plugins for Editor in 0.00 ms.
Unloading 1463 Unused Serialized files (Serialized files now loaded: 0)
System memory in use before: 82.8 MB.
System memory in use after: 82.9 MB.

Unloading 14 unused Assets to reduce memory usage. Loaded Objects now: 1932.
Total: 2.027800 ms (FindLiveObjects: 0.150100 ms CreateObjectMapping: 0.050500 ms MarkObjects: 1.728900 ms  DeleteObjects: 0.097500 ms)

========================================================================
Received Prepare
Registering precompiled user dll's ...
Registered in 0.004031 seconds.
Begin MonoManager ReloadAssembly
Native extension for WindowsStandalone target not found
Refreshing native plugins compatible for Editor in 0.31 ms, found 2 plugins.
Preloading 0 native plugins for Editor in 0.00 ms.
Mono: successfully reloaded assembly
- Completed reload, in  1.272 seconds
Platform modules already initialized, skipping
Refreshing native plugins compatible for Editor in 0.35 ms, found 2 plugins.
Preloading 0 native plugins for Editor in 0.00 ms.
Unloading 1463 Unused Serialized files (Serialized files now loaded: 0)
System memory in use before: 82.8 MB.
System memory in use after: 82.9 MB.

Unloading 14 unused Assets to reduce memory usage. Loaded Objects now: 1935.
Total: 2.696400 ms (FindLiveObjects: 0.180400 ms CreateObjectMapping: 0.062600 ms MarkObjects: 2.376300 ms  DeleteObjects: 0.076100 ms)

========================================================================
Received Prepare
Registering precompiled user dll's ...
Registered in 0.006996 seconds.
Begin MonoManager ReloadAssembly
Native extension for WindowsStandalone target not found
Refreshing native plugins compatible for Editor in 0.33 ms, found 2 plugins.
Preloading 0 native plugins for Editor in 0.00 ms.
Mono: successfully reloaded assembly
- Completed reload, in  1.220 seconds
Platform modules already initialized, skipping
Refreshing native plugins compatible for Editor in 0.31 ms, found 2 plugins.
Preloading 0 native plugins for Editor in 0.00 ms.
Unloading 1463 Unused Serialized files (Serialized files now loaded: 0)
System memory in use before: 82.9 MB.
System memory in use after: 82.9 MB.

Unloading 14 unused Assets to reduce memory usage. Loaded Objects now: 1938.
Total: 3.652200 ms (FindLiveObjects: 0.627800 ms CreateObjectMapping: 0.117900 ms MarkObjects: 2.814400 ms  DeleteObjects: 0.090500 ms)

========================================================================
Received Prepare
Registering precompiled user dll's ...
Registered in 0.003908 seconds.
Begin MonoManager ReloadAssembly
Native extension for WindowsStandalone target not found
Refreshing native plugins compatible for Editor in 0.30 ms, found 2 plugins.
Preloading 0 native plugins for Editor in 0.00 ms.
Mono: successfully reloaded assembly
- Completed reload, in  1.222 seconds
Platform modules already initialized, skipping
Refreshing native plugins compatible for Editor in 0.34 ms, found 2 plugins.
Preloading 0 native plugins for Editor in 0.00 ms.
Unloading 1463 Unused Serialized files (Serialized files now loaded: 0)
System memory in use before: 82.9 MB.
System memory in use after: 82.9 MB.

Unloading 14 unused Assets to reduce memory usage. Loaded Objects now: 1941.
Total: 1.960600 ms (FindLiveObjects: 0.198600 ms CreateObjectMapping: 0.042100 ms MarkObjects: 1.614700 ms  DeleteObjects: 0.104300 ms)

========================================================================
Received Prepare
Registering precompiled user dll's ...
Registered in 0.003686 seconds.
Begin MonoManager ReloadAssembly
Native extension for WindowsStandalone target not found
Refreshing native plugins compatible for Editor in 0.33 ms, found 2 plugins.
Preloading 0 native plugins for Editor in 0.00 ms.
Mono: successfully reloaded assembly
- Completed reload, in  1.052 seconds
Platform modules already initialized, skipping
Refreshing native plugins compatible for Editor in 0.36 ms, found 2 plugins.
Preloading 0 native plugins for Editor in 0.00 ms.
Unloading 1463 Unused Serialized files (Serialized files now loaded: 0)
System memory in use before: 82.9 MB.
System memory in use after: 82.9 MB.

Unloading 14 unused Assets to reduce memory usage. Loaded Objects now: 1944.
Total: 2.981600 ms (FindLiveObjects: 0.261600 ms CreateObjectMapping: 0.055800 ms MarkObjects: 1.898400 ms  DeleteObjects: 0.764700 ms)

========================================================================
Received Prepare
Registering precompiled user dll's ...
Registered in 0.004954 seconds.
Begin MonoManager ReloadAssembly
Native extension for WindowsStandalone target not found
Refreshing native plugins compatible for Editor in 0.30 ms, found 2 plugins.
Preloading 0 native plugins for Editor in 0.00 ms.
Mono: successfully reloaded assembly
- Completed reload, in  1.000 seconds
Platform modules already initialized, skipping
Refreshing native plugins compatible for Editor in 0.37 ms, found 2 plugins.
Preloading 0 native plugins for Editor in 0.00 ms.
Unloading 1463 Unused Serialized files (Serialized files now loaded: 0)
System memory in use before: 82.9 MB.
System memory in use after: 83.0 MB.

Unloading 14 unused Assets to reduce memory usage. Loaded Objects now: 1947.
Total: 2.058000 ms (FindLiveObjects: 0.158100 ms CreateObjectMapping: 0.049100 ms MarkObjects: 1.727400 ms  DeleteObjects: 0.122600 ms)

========================================================================
Received Prepare
Registering precompiled user dll's ...
Registered in 0.005358 seconds.
Begin MonoManager ReloadAssembly
Native extension for WindowsStandalone target not found
Refreshing native plugins compatible for Editor in 0.49 ms, found 2 plugins.
Preloading 0 native plugins for Editor in 0.00 ms.
Mono: successfully reloaded assembly
- Completed reload, in  1.051 seconds
Platform modules already initialized, skipping
Refreshing native plugins compatible for Editor in 0.35 ms, found 2 plugins.
Preloading 0 native plugins for Editor in 0.00 ms.
Unloading 1463 Unused Serialized files (Serialized files now loaded: 0)
System memory in use before: 82.9 MB.
System memory in use after: 83.0 MB.

Unloading 14 unused Assets to reduce memory usage. Loaded Objects now: 1950.
Total: 1.833000 ms (FindLiveObjects: 0.134100 ms CreateObjectMapping: 0.042200 ms MarkObjects: 1.575300 ms  DeleteObjects: 0.080600 ms)

========================================================================
Received Import Request.
  Time since last request: 7345.038127 seconds.
  path: Assets/My_Prefab/Fruit/Cheese.prefab
  artifactKey: Guid(4c109c63e8653814fac54ebd40cf51c6) Importer(815301076,1909f56bfc062723c751e8b465ee728b)
Start importing Assets/My_Prefab/Fruit/Cheese.prefab using Guid(4c109c63e8653814fac54ebd40cf51c6) Importer(815301076,1909f56bfc062723c751e8b465ee728b)  -> (artifact id: '9e454bb36b4016d198b29f67bd00e4e4') in 0.223026 seconds
  Import took 0.227163 seconds .

========================================================================
Received Import Request.
  Time since last request: 0.381255 seconds.
  path: Assets/My_Prefab/Fruit/Cheese.prefab
  artifactKey: Guid(4c109c63e8653814fac54ebd40cf51c6) Importer(815301076,1909f56bfc062723c751e8b465ee728b)
Start importing Assets/My_Prefab/Fruit/Cheese.prefab using Guid(4c109c63e8653814fac54ebd40cf51c6) Importer(815301076,1909f56bfc062723c751e8b465ee728b)  -> (artifact id: 'fc5e3e3c2e866853e52bb9c989d6bb38') in 0.027730 seconds
  Import took 0.031354 seconds .

========================================================================
Received Import Request.
  Time since last request: 5.068250 seconds.
  path: Assets/My_Prefab/Fruit/Hamburger.prefab
  artifactKey: Guid(afc9506d6e5f4b948a9dbd0c1006e527) Importer(815301076,1909f56bfc062723c751e8b465ee728b)
Start importing Assets/My_Prefab/Fruit/Hamburger.prefab using Guid(afc9506d6e5f4b948a9dbd0c1006e527) Importer(815301076,1909f56bfc062723c751e8b465ee728b)  -> (artifact id: '9b9074d36326716ee502a079bfcb90ca') in 0.027282 seconds
  Import took 0.030835 seconds .

========================================================================
Received Import Request.
  Time since last request: 1.880400 seconds.
  path: Assets/My_Prefab/Fruit/Hamburger.prefab
  artifactKey: Guid(afc9506d6e5f4b948a9dbd0c1006e527) Importer(815301076,1909f56bfc062723c751e8b465ee728b)
Start importing Assets/My_Prefab/Fruit/Hamburger.prefab using Guid(afc9506d6e5f4b948a9dbd0c1006e527) Importer(815301076,1909f56bfc062723c751e8b465ee728b)  -> (artifact id: 'e19440d174dd9b83d29d8ca08a975c41') in 0.024161 seconds
  Import took 0.027333 seconds .

========================================================================
Received Import Request.
  Time since last request: 3.264375 seconds.
  path: Assets/My_Prefab/Fruit/Olive.prefab
  artifactKey: Guid(6736d329725afe449b78daddc727659e) Importer(815301076,1909f56bfc062723c751e8b465ee728b)
Start importing Assets/My_Prefab/Fruit/Olive.prefab using Guid(6736d329725afe449b78daddc727659e) Importer(815301076,1909f56bfc062723c751e8b465ee728b)  -> (artifact id: '714483338ae268600c5e2f084a414401') in 0.026138 seconds
  Import took 0.029754 seconds .

========================================================================
Received Import Request.
  Time since last request: 2.624884 seconds.
  path: Assets/My_Prefab/Fruit/Olive.prefab
  artifactKey: Guid(6736d329725afe449b78daddc727659e) Importer(815301076,1909f56bfc062723c751e8b465ee728b)
Start importing Assets/My_Prefab/Fruit/Olive.prefab using Guid(6736d329725afe449b78daddc727659e) Importer(815301076,1909f56bfc062723c751e8b465ee728b)  -> (artifact id: '69b8962f1fd2614aeb515ae467e54fa0') in 0.024331 seconds
  Import took 0.027776 seconds .

========================================================================
Received Prepare
Registering precompiled user dll's ...
Registered in 0.003964 seconds.
Begin MonoManager ReloadAssembly
Native extension for WindowsStandalone target not found
Refreshing native plugins compatible for Editor in 0.32 ms, found 2 plugins.
Preloading 0 native plugins for Editor in 0.00 ms.
Mono: successfully reloaded assembly
- Completed reload, in  1.076 seconds
Platform modules already initialized, skipping
Refreshing native plugins compatible for Editor in 0.37 ms, found 2 plugins.
Preloading 0 native plugins for Editor in 0.00 ms.
Unloading 1463 Unused Serialized files (Serialized files now loaded: 0)
System memory in use before: 86.0 MB.
System memory in use after: 86.1 MB.

Unloading 14 unused Assets to reduce memory usage. Loaded Objects now: 1960.
Total: 2.165800 ms (FindLiveObjects: 0.139900 ms CreateObjectMapping: 0.043400 ms MarkObjects: 1.899300 ms  DeleteObjects: 0.082400 ms)

========================================================================
Received Prepare
Registering precompiled user dll's ...
Registered in 0.026981 seconds.
Begin MonoManager ReloadAssembly
Native extension for WindowsStandalone target not found
Refreshing native plugins compatible for Editor in 0.45 ms, found 2 plugins.
Preloading 0 native plugins for Editor in 0.00 ms.
Mono: successfully reloaded assembly
- Completed reload, in  1.717 seconds
Platform modules already initialized, skipping
Refreshing native plugins compatible for Editor in 0.51 ms, found 2 plugins.
Preloading 0 native plugins for Editor in 0.00 ms.
Unloading 1463 Unused Serialized files (Serialized files now loaded: 0)
System memory in use before: 86.0 MB.
System memory in use after: 86.1 MB.

Unloading 14 unused Assets to reduce memory usage. Loaded Objects now: 1963.
Total: 3.367200 ms (FindLiveObjects: 0.582300 ms CreateObjectMapping: 0.069300 ms MarkObjects: 2.651900 ms  DeleteObjects: 0.062300 ms)

========================================================================
Received Prepare
Registering precompiled user dll's ...
Registered in 0.004040 seconds.
Begin MonoManager ReloadAssembly
Native extension for WindowsStandalone target not found
Refreshing native plugins compatible for Editor in 0.30 ms, found 2 plugins.
Preloading 0 native plugins for Editor in 0.00 ms.
Mono: successfully reloaded assembly
- Completed reload, in  1.050 seconds
Platform modules already initialized, skipping
Refreshing native plugins compatible for Editor in 0.37 ms, found 2 plugins.
Preloading 0 native plugins for Editor in 0.00 ms.
Unloading 1463 Unused Serialized files (Serialized files now loaded: 0)
System memory in use before: 86.0 MB.
System memory in use after: 86.1 MB.

Unloading 14 unused Assets to reduce memory usage. Loaded Objects now: 1966.
Total: 2.076100 ms (FindLiveObjects: 0.156900 ms CreateObjectMapping: 0.045300 ms MarkObjects: 1.789600 ms  DeleteObjects: 0.083300 ms)

========================================================================
Received Prepare
Registering precompiled user dll's ...
Registered in 0.003791 seconds.
Begin MonoManager ReloadAssembly
Native extension for WindowsStandalone target not found
Refreshing native plugins compatible for Editor in 0.33 ms, found 2 plugins.
Preloading 0 native plugins for Editor in 0.00 ms.
Mono: successfully reloaded assembly
- Completed reload, in  1.173 seconds
Platform modules already initialized, skipping
Refreshing native plugins compatible for Editor in 0.34 ms, found 2 plugins.
Preloading 0 native plugins for Editor in 0.00 ms.
Unloading 1463 Unused Serialized files (Serialized files now loaded: 0)
System memory in use before: 86.0 MB.
System memory in use after: 86.1 MB.

Unloading 14 unused Assets to reduce memory usage. Loaded Objects now: 1969.
Total: 1.895600 ms (FindLiveObjects: 0.154900 ms CreateObjectMapping: 0.045600 ms MarkObjects: 1.605300 ms  DeleteObjects: 0.088700 ms)

========================================================================
Received Prepare
Registering precompiled user dll's ...
Registered in 0.005757 seconds.
Begin MonoManager ReloadAssembly
Native extension for WindowsStandalone target not found
Refreshing native plugins compatible for Editor in 0.32 ms, found 2 plugins.
Preloading 0 native plugins for Editor in 0.00 ms.
Mono: successfully reloaded assembly
- Completed reload, in  1.023 seconds
Platform modules already initialized, skipping
Refreshing native plugins compatible for Editor in 0.37 ms, found 2 plugins.
Preloading 0 native plugins for Editor in 0.00 ms.
Unloading 1463 Unused Serialized files (Serialized files now loaded: 0)
System memory in use before: 86.1 MB.
System memory in use after: 86.2 MB.

Unloading 14 unused Assets to reduce memory usage. Loaded Objects now: 1972.
Total: 7.950000 ms (FindLiveObjects: 0.293300 ms CreateObjectMapping: 0.069800 ms MarkObjects: 6.056100 ms  DeleteObjects: 1.528700 ms)

========================================================================
Received Prepare
Registering precompiled user dll's ...
Registered in 0.005382 seconds.
Begin MonoManager ReloadAssembly
Native extension for WindowsStandalone target not found
Refreshing native plugins compatible for Editor in 0.80 ms, found 2 plugins.
Preloading 0 native plugins for Editor in 0.00 ms.
Mono: successfully reloaded assembly
- Completed reload, in  1.744 seconds
Platform modules already initialized, skipping
Refreshing native plugins compatible for Editor in 0.43 ms, found 2 plugins.
Preloading 0 native plugins for Editor in 0.00 ms.
Unloading 1463 Unused Serialized files (Serialized files now loaded: 0)
System memory in use before: 86.1 MB.
System memory in use after: 86.2 MB.

Unloading 14 unused Assets to reduce memory usage. Loaded Objects now: 1975.
Total: 4.426400 ms (FindLiveObjects: 0.180800 ms CreateObjectMapping: 0.086000 ms MarkObjects: 4.054000 ms  DeleteObjects: 0.103800 ms)

========================================================================
Received Prepare
Registering precompiled user dll's ...
Registered in 0.004091 seconds.
Begin MonoManager ReloadAssembly
Native extension for WindowsStandalone target not found
Refreshing native plugins compatible for Editor in 0.30 ms, found 2 plugins.
Preloading 0 native plugins for Editor in 0.00 ms.
Mono: successfully reloaded assembly
- Completed reload, in  1.055 seconds
Platform modules already initialized, skipping
Refreshing native plugins compatible for Editor in 0.33 ms, found 2 plugins.
Preloading 0 native plugins for Editor in 0.00 ms.
Unloading 1463 Unused Serialized files (Serialized files now loaded: 0)
System memory in use before: 86.0 MB.
System memory in use after: 86.1 MB.

Unloading 14 unused Assets to reduce memory usage. Loaded Objects now: 1978.
Total: 2.114000 ms (FindLiveObjects: 0.141700 ms CreateObjectMapping: 0.041700 ms MarkObjects: 1.841600 ms  DeleteObjects: 0.087800 ms)

========================================================================
Received Import Request.
  Time since last request: 3673.942317 seconds.
  path: Assets/Script/PlayerHearth.cs
  artifactKey: Guid(bcd2f7cbd5d7f254984059a36ed9a5fe) Importer(815301076,1909f56bfc062723c751e8b465ee728b)
Start importing Assets/Script/PlayerHearth.cs using Guid(bcd2f7cbd5d7f254984059a36ed9a5fe) Importer(815301076,1909f56bfc062723c751e8b465ee728b)  -> (artifact id: 'e0c417e38375931f946c860aca2f9984') in 0.043982 seconds
  Import took 0.047037 seconds .

========================================================================
Received Prepare
Registering precompiled user dll's ...
Registered in 0.004200 seconds.
Begin MonoManager ReloadAssembly
Native extension for WindowsStandalone target not found
Refreshing native plugins compatible for Editor in 0.95 ms, found 2 plugins.
Preloading 0 native plugins for Editor in 0.00 ms.
Mono: successfully reloaded assembly
- Completed reload, in  1.583 seconds
Platform modules already initialized, skipping
Refreshing native plugins compatible for Editor in 0.34 ms, found 2 plugins.
Preloading 0 native plugins for Editor in 0.00 ms.
Unloading 1464 Unused Serialized files (Serialized files now loaded: 0)
System memory in use before: 86.1 MB.
System memory in use after: 86.2 MB.

Unloading 14 unused Assets to reduce memory usage. Loaded Objects now: 1982.
Total: 2.894100 ms (FindLiveObjects: 0.157500 ms CreateObjectMapping: 0.049300 ms MarkObjects: 2.584700 ms  DeleteObjects: 0.101400 ms)

========================================================================
Received Prepare
Registering precompiled user dll's ...
Registered in 0.006786 seconds.
Begin MonoManager ReloadAssembly
Native extension for WindowsStandalone target not found
Refreshing native plugins compatible for Editor in 0.31 ms, found 2 plugins.
Preloading 0 native plugins for Editor in 0.00 ms.
Mono: successfully reloaded assembly
- Completed reload, in  1.044 seconds
Platform modules already initialized, skipping
Refreshing native plugins compatible for Editor in 0.33 ms, found 2 plugins.
Preloading 0 native plugins for Editor in 0.00 ms.
Unloading 1464 Unused Serialized files (Serialized files now loaded: 0)
System memory in use before: 86.1 MB.
System memory in use after: 86.2 MB.

Unloading 14 unused Assets to reduce memory usage. Loaded Objects now: 1985.
Total: 1.908200 ms (FindLiveObjects: 0.143700 ms CreateObjectMapping: 0.045900 ms MarkObjects: 1.635800 ms  DeleteObjects: 0.081900 ms)

========================================================================
Received Import Request.
  Time since last request: 115.426442 seconds.
  path: Assets/Script/PlayerHearth.cs
  artifactKey: Guid(bcd2f7cbd5d7f254984059a36ed9a5fe) Importer(815301076,1909f56bfc062723c751e8b465ee728b)
Start importing Assets/Script/PlayerHearth.cs using Guid(bcd2f7cbd5d7f254984059a36ed9a5fe) Importer(815301076,1909f56bfc062723c751e8b465ee728b)  -> (artifact id: 'b19bfddb55faa3497beba7cf043d47aa') in 0.007682 seconds
  Import took 0.010459 seconds .

========================================================================
Received Prepare
Registering precompiled user dll's ...
Registered in 0.003723 seconds.
Begin MonoManager ReloadAssembly
Native extension for WindowsStandalone target not found
Refreshing native plugins compatible for Editor in 0.31 ms, found 2 plugins.
Preloading 0 native plugins for Editor in 0.00 ms.
Mono: successfully reloaded assembly
- Completed reload, in  0.999 seconds
Platform modules already initialized, skipping
Refreshing native plugins compatible for Editor in 0.34 ms, found 2 plugins.
Preloading 0 native plugins for Editor in 0.00 ms.
Unloading 1464 Unused Serialized files (Serialized files now loaded: 0)
System memory in use before: 86.1 MB.
System memory in use after: 86.2 MB.

Unloading 14 unused Assets to reduce memory usage. Loaded Objects now: 1988.
Total: 2.040000 ms (FindLiveObjects: 0.147500 ms CreateObjectMapping: 0.086000 ms MarkObjects: 1.711800 ms  DeleteObjects: 0.094200 ms)

========================================================================
Received Prepare
Registering precompiled user dll's ...
Registered in 0.005198 seconds.
Begin MonoManager ReloadAssembly
Native extension for WindowsStandalone target not found
Refreshing native plugins compatible for Editor in 0.32 ms, found 2 plugins.
Preloading 0 native plugins for Editor in 0.00 ms.
Mono: successfully reloaded assembly
- Completed reload, in  1.008 seconds
Platform modules already initialized, skipping
Refreshing native plugins compatible for Editor in 0.34 ms, found 2 plugins.
Preloading 0 native plugins for Editor in 0.00 ms.
Unloading 1464 Unused Serialized files (Serialized files now loaded: 0)
System memory in use before: 86.1 MB.
System memory in use after: 86.2 MB.

Unloading 14 unused Assets to reduce memory usage. Loaded Objects now: 1991.
Total: 2.365000 ms (FindLiveObjects: 0.150500 ms CreateObjectMapping: 0.045900 ms MarkObjects: 2.073600 ms  DeleteObjects: 0.094100 ms)

========================================================================
Received Prepare
Registering precompiled user dll's ...
Registered in 0.005475 seconds.
Begin MonoManager ReloadAssembly
Native extension for WindowsStandalone target not found
Refreshing native plugins compatible for Editor in 0.33 ms, found 2 plugins.
Preloading 0 native plugins for Editor in 0.00 ms.
Mono: successfully reloaded assembly
- Completed reload, in  1.051 seconds
Platform modules already initialized, skipping
Refreshing native plugins compatible for Editor in 0.40 ms, found 2 plugins.
Preloading 0 native plugins for Editor in 0.00 ms.
Unloading 1464 Unused Serialized files (Serialized files now loaded: 0)
System memory in use before: 86.2 MB.
System memory in use after: 86.3 MB.

Unloading 14 unused Assets to reduce memory usage. Loaded Objects now: 1994.
Total: 2.139300 ms (FindLiveObjects: 0.145400 ms CreateObjectMapping: 0.046400 ms MarkObjects: 1.853000 ms  DeleteObjects: 0.093900 ms)

========================================================================
Received Import Request.
  Time since last request: 1029.190578 seconds.
  path: Assets/My_Prefab/Fruit/Banana.prefab
  artifactKey: Guid(0acba344cb4e9cc44979ddadb6512218) Importer(815301076,1909f56bfc062723c751e8b465ee728b)
Start importing Assets/My_Prefab/Fruit/Banana.prefab using Guid(0acba344cb4e9cc44979ddadb6512218) Importer(815301076,1909f56bfc062723c751e8b465ee728b)  -> (artifact id: 'd067ddc6cb5bf5eebcc769c7f745e654') in 0.135642 seconds
  Import took 0.138468 seconds .

========================================================================
Received Prepare
Registering precompiled user dll's ...
Registered in 0.004492 seconds.
Begin MonoManager ReloadAssembly
Native extension for WindowsStandalone target not found
Refreshing native plugins compatible for Editor in 0.44 ms, found 2 plugins.
Preloading 0 native plugins for Editor in 0.00 ms.
Mono: successfully reloaded assembly
- Completed reload, in  1.048 seconds
Platform modules already initialized, skipping
Refreshing native plugins compatible for Editor in 0.34 ms, found 2 plugins.
Preloading 0 native plugins for Editor in 0.00 ms.
Unloading 1464 Unused Serialized files (Serialized files now loaded: 0)
System memory in use before: 86.2 MB.
System memory in use after: 86.3 MB.

Unloading 14 unused Assets to reduce memory usage. Loaded Objects now: 1998.
Total: 2.303200 ms (FindLiveObjects: 0.145600 ms CreateObjectMapping: 0.052300 ms MarkObjects: 1.994200 ms  DeleteObjects: 0.110500 ms)

========================================================================
Received Prepare
Registering precompiled user dll's ...
Registered in 0.010363 seconds.
Begin MonoManager ReloadAssembly
Native extension for WindowsStandalone target not found
Refreshing native plugins compatible for Editor in 1.60 ms, found 2 plugins.
Preloading 0 native plugins for Editor in 0.00 ms.
Mono: successfully reloaded assembly
- Completed reload, in  2.611 seconds
Platform modules already initialized, skipping
Refreshing native plugins compatible for Editor in 0.65 ms, found 2 plugins.
Preloading 0 native plugins for Editor in 0.00 ms.
Unloading 1464 Unused Serialized files (Serialized files now loaded: 0)
System memory in use before: 86.2 MB.
System memory in use after: 86.3 MB.

Unloading 14 unused Assets to reduce memory usage. Loaded Objects now: 2001.
Total: 3.594200 ms (FindLiveObjects: 0.181500 ms CreateObjectMapping: 0.057700 ms MarkObjects: 3.261900 ms  DeleteObjects: 0.091700 ms)

========================================================================
Received Import Request.
  Time since last request: 183.468339 seconds.
  path: Assets/Script/FruitManager.cs
  artifactKey: Guid(9c9e3ed1a8fe13b499597503d1825d5e) Importer(815301076,1909f56bfc062723c751e8b465ee728b)
Start importing Assets/Script/FruitManager.cs using Guid(9c9e3ed1a8fe13b499597503d1825d5e) Importer(815301076,1909f56bfc062723c751e8b465ee728b)  -> (artifact id: 'bfab97f02d4be256771731571cedcce2') in 0.015189 seconds
  Import took 0.018626 seconds .

========================================================================
Received Import Request.
  Time since last request: 0.051351 seconds.
  path: Assets/Script/FruitManager.cs
  artifactKey: Guid(9c9e3ed1a8fe13b499597503d1825d5e) Importer(815301076,1909f56bfc062723c751e8b465ee728b)
Start importing Assets/Script/FruitManager.cs using Guid(9c9e3ed1a8fe13b499597503d1825d5e) Importer(815301076,1909f56bfc062723c751e8b465ee728b)  -> (artifact id: 'bfab97f02d4be256771731571cedcce2') in 0.008892 seconds
  Import took 0.012209 seconds .

========================================================================
Received Import Request.
  Time since last request: 0.167741 seconds.
  path: Assets/Script/FruitDelete.cs
  artifactKey: Guid(def92cc5107081148986b8dba6ebc752) Importer(815301076,1909f56bfc062723c751e8b465ee728b)
Start importing Assets/Script/FruitDelete.cs using Guid(def92cc5107081148986b8dba6ebc752) Importer(815301076,1909f56bfc062723c751e8b465ee728b)  -> (artifact id: 'f881413ae8bcacb014332513bb8ba2b4') in 0.012844 seconds
  Import took 0.015713 seconds .

========================================================================
Received Prepare
Registering precompiled user dll's ...
Registered in 0.005197 seconds.
Begin MonoManager ReloadAssembly
Native extension for WindowsStandalone target not found
Refreshing native plugins compatible for Editor in 0.31 ms, found 2 plugins.
Preloading 0 native plugins for Editor in 0.00 ms.
Mono: successfully reloaded assembly
- Completed reload, in  1.106 seconds
Platform modules already initialized, skipping
Refreshing native plugins compatible for Editor in 0.33 ms, found 2 plugins.
Preloading 0 native plugins for Editor in 0.00 ms.
Unloading 1464 Unused Serialized files (Serialized files now loaded: 0)
System memory in use before: 86.2 MB.
System memory in use after: 86.3 MB.

Unloading 14 unused Assets to reduce memory usage. Loaded Objects now: 2004.
Total: 2.025800 ms (FindLiveObjects: 0.168400 ms CreateObjectMapping: 0.052900 ms MarkObjects: 1.720300 ms  DeleteObjects: 0.083200 ms)

========================================================================
Received Import Request.
  Time since last request: 44.011268 seconds.
  path: Assets/Script/FruitDelete.cs
  artifactKey: Guid(def92cc5107081148986b8dba6ebc752) Importer(815301076,1909f56bfc062723c751e8b465ee728b)
Start importing Assets/Script/FruitDelete.cs using Guid(def92cc5107081148986b8dba6ebc752) Importer(815301076,1909f56bfc062723c751e8b465ee728b)  -> (artifact id: 'ba835547c12004fb9d6cfa2dcb1f0813') in 0.009026 seconds
  Import took 0.011330 seconds .

========================================================================
Received Import Request.
  Time since last request: 1.891441 seconds.
  path: Assets/Script/FruitDelete.cs
  artifactKey: Guid(def92cc5107081148986b8dba6ebc752) Importer(815301076,1909f56bfc062723c751e8b465ee728b)
Start importing Assets/Script/FruitDelete.cs using Guid(def92cc5107081148986b8dba6ebc752) Importer(815301076,1909f56bfc062723c751e8b465ee728b)  -> (artifact id: 'ba835547c12004fb9d6cfa2dcb1f0813') in 0.008926 seconds
  Import took 0.011323 seconds .

========================================================================
Received Prepare
Registering precompiled user dll's ...
Registered in 0.007756 seconds.
Begin MonoManager ReloadAssembly
Native extension for WindowsStandalone target not found
Refreshing native plugins compatible for Editor in 0.35 ms, found 2 plugins.
Preloading 0 native plugins for Editor in 0.00 ms.
Mono: successfully reloaded assembly
- Completed reload, in  1.669 seconds
Platform modules already initialized, skipping
Refreshing native plugins compatible for Editor in 0.63 ms, found 2 plugins.
Preloading 0 native plugins for Editor in 0.00 ms.
Unloading 1464 Unused Serialized files (Serialized files now loaded: 0)
System memory in use before: 86.2 MB.
System memory in use after: 86.3 MB.

Unloading 14 unused Assets to reduce memory usage. Loaded Objects now: 2007.
Total: 3.684600 ms (FindLiveObjects: 0.298500 ms CreateObjectMapping: 0.091200 ms MarkObjects: 3.214200 ms  DeleteObjects: 0.079200 ms)

========================================================================
Received Prepare
Registering precompiled user dll's ...
Registered in 0.005035 seconds.
Begin MonoManager ReloadAssembly
Native extension for WindowsStandalone target not found
Refreshing native plugins compatible for Editor in 0.29 ms, found 2 plugins.
Preloading 0 native plugins for Editor in 0.00 ms.
Mono: successfully reloaded assembly
- Completed reload, in  1.037 seconds
Platform modules already initialized, skipping
Refreshing native plugins compatible for Editor in 0.34 ms, found 2 plugins.
Preloading 0 native plugins for Editor in 0.00 ms.
Unloading 1464 Unused Serialized files (Serialized files now loaded: 0)
System memory in use before: 86.3 MB.
System memory in use after: 86.3 MB.

Unloading 14 unused Assets to reduce memory usage. Loaded Objects now: 2010.
Total: 2.146400 ms (FindLiveObjects: 0.153900 ms CreateObjectMapping: 0.050100 ms MarkObjects: 1.852500 ms  DeleteObjects: 0.088900 ms)

========================================================================
Received Prepare
Registering precompiled user dll's ...
Registered in 0.003815 seconds.
Begin MonoManager ReloadAssembly
Native extension for WindowsStandalone target not found
Refreshing native plugins compatible for Editor in 0.50 ms, found 2 plugins.
Preloading 0 native plugins for Editor in 0.00 ms.
Mono: successfully reloaded assembly
- Completed reload, in  1.081 seconds
Platform modules already initialized, skipping
Refreshing native plugins compatible for Editor in 0.37 ms, found 2 plugins.
Preloading 0 native plugins for Editor in 0.00 ms.
Unloading 1464 Unused Serialized files (Serialized files now loaded: 0)
System memory in use before: 86.3 MB.
System memory in use after: 86.3 MB.

Unloading 14 unused Assets to reduce memory usage. Loaded Objects now: 2013.
Total: 1.989000 ms (FindLiveObjects: 0.150300 ms CreateObjectMapping: 0.048600 ms MarkObjects: 1.720200 ms  DeleteObjects: 0.068900 ms)

========================================================================
Received Prepare
Registering precompiled user dll's ...
Registered in 0.006130 seconds.
Begin MonoManager ReloadAssembly
Native extension for WindowsStandalone target not found
Refreshing native plugins compatible for Editor in 0.34 ms, found 2 plugins.
Preloading 0 native plugins for Editor in 0.00 ms.
Mono: successfully reloaded assembly
- Completed reload, in  0.978 seconds
Platform modules already initialized, skipping
Refreshing native plugins compatible for Editor in 0.42 ms, found 2 plugins.
Preloading 0 native plugins for Editor in 0.00 ms.
Unloading 1464 Unused Serialized files (Serialized files now loaded: 0)
System memory in use before: 86.3 MB.
System memory in use after: 86.3 MB.

Unloading 14 unused Assets to reduce memory usage. Loaded Objects now: 2016.
Total: 3.021200 ms (FindLiveObjects: 0.197600 ms CreateObjectMapping: 0.130800 ms MarkObjects: 2.632700 ms  DeleteObjects: 0.058800 ms)

========================================================================
Received Prepare
Registering precompiled user dll's ...
Registered in 0.004152 seconds.
Begin MonoManager ReloadAssembly
Native extension for WindowsStandalone target not found
Refreshing native plugins compatible for Editor in 0.36 ms, found 2 plugins.
Preloading 0 native plugins for Editor in 0.00 ms.
Mono: successfully reloaded assembly
- Completed reload, in  1.119 seconds
Platform modules already initialized, skipping
Refreshing native plugins compatible for Editor in 0.31 ms, found 2 plugins.
Preloading 0 native plugins for Editor in 0.00 ms.
Unloading 1464 Unused Serialized files (Serialized files now loaded: 0)
System memory in use before: 86.3 MB.
System memory in use after: 86.3 MB.

Unloading 14 unused Assets to reduce memory usage. Loaded Objects now: 2019.
Total: 2.900800 ms (FindLiveObjects: 0.181600 ms CreateObjectMapping: 0.076600 ms MarkObjects: 2.576500 ms  DeleteObjects: 0.064700 ms)

========================================================================
Received Prepare
Registering precompiled user dll's ...
Registered in 0.003866 seconds.
Begin MonoManager ReloadAssembly
Native extension for WindowsStandalone target not found
Refreshing native plugins compatible for Editor in 0.38 ms, found 2 plugins.
Preloading 0 native plugins for Editor in 0.00 ms.
Mono: successfully reloaded assembly
- Completed reload, in  1.075 seconds
Platform modules already initialized, skipping
Refreshing native plugins compatible for Editor in 0.47 ms, found 2 plugins.
Preloading 0 native plugins for Editor in 0.00 ms.
Unloading 1464 Unused Serialized files (Serialized files now loaded: 0)
System memory in use before: 86.3 MB.
System memory in use after: 86.4 MB.

Unloading 14 unused Assets to reduce memory usage. Loaded Objects now: 2022.
Total: 1.930300 ms (FindLiveObjects: 0.138900 ms CreateObjectMapping: 0.043100 ms MarkObjects: 1.661100 ms  DeleteObjects: 0.086200 ms)

========================================================================
Received Prepare
Registering precompiled user dll's ...
Registered in 0.007590 seconds.
Begin MonoManager ReloadAssembly
Native extension for WindowsStandalone target not found
Refreshing native plugins compatible for Editor in 0.33 ms, found 2 plugins.
Preloading 0 native plugins for Editor in 0.00 ms.
Mono: successfully reloaded assembly
- Completed reload, in  2.176 seconds
Platform modules already initialized, skipping
Refreshing native plugins compatible for Editor in 0.48 ms, found 2 plugins.
Preloading 0 native plugins for Editor in 0.00 ms.
Unloading 1464 Unused Serialized files (Serialized files now loaded: 0)
System memory in use before: 86.3 MB.
System memory in use after: 86.4 MB.

Unloading 14 unused Assets to reduce memory usage. Loaded Objects now: 2025.
Total: 2.519000 ms (FindLiveObjects: 0.229200 ms CreateObjectMapping: 0.081800 ms MarkObjects: 2.146900 ms  DeleteObjects: 0.059600 ms)

========================================================================
Received Prepare
Registering precompiled user dll's ...
Registered in 0.006325 seconds.
Begin MonoManager ReloadAssembly
Native extension for WindowsStandalone target not found
Refreshing native plugins compatible for Editor in 0.36 ms, found 2 plugins.
Preloading 0 native plugins for Editor in 0.00 ms.
Mono: successfully reloaded assembly
- Completed reload, in  1.816 seconds
Platform modules already initialized, skipping
Refreshing native plugins compatible for Editor in 0.43 ms, found 2 plugins.
Preloading 0 native plugins for Editor in 0.00 ms.
Unloading 1464 Unused Serialized files (Serialized files now loaded: 0)
System memory in use before: 86.3 MB.
System memory in use after: 86.4 MB.

Unloading 14 unused Assets to reduce memory usage. Loaded Objects now: 2028.
Total: 3.506300 ms (FindLiveObjects: 0.307100 ms CreateObjectMapping: 0.227600 ms MarkObjects: 2.898200 ms  DeleteObjects: 0.072300 ms)

========================================================================
Received Prepare
Registering precompiled user dll's ...
Registered in 0.005594 seconds.
Begin MonoManager ReloadAssembly
Native extension for WindowsStandalone target not found
Refreshing native plugins compatible for Editor in 0.31 ms, found 2 plugins.
Preloading 0 native plugins for Editor in 0.00 ms.
Mono: successfully reloaded assembly
- Completed reload, in  1.177 seconds
Platform modules already initialized, skipping
Refreshing native plugins compatible for Editor in 0.34 ms, found 2 plugins.
Preloading 0 native plugins for Editor in 0.00 ms.
Unloading 1464 Unused Serialized files (Serialized files now loaded: 0)
System memory in use before: 86.3 MB.
System memory in use after: 86.4 MB.

Unloading 14 unused Assets to reduce memory usage. Loaded Objects now: 2031.
Total: 2.436800 ms (FindLiveObjects: 0.203500 ms CreateObjectMapping: 0.051200 ms MarkObjects: 1.641300 ms  DeleteObjects: 0.539900 ms)

========================================================================
Received Prepare
Registering precompiled user dll's ...
Registered in 0.012659 seconds.
Begin MonoManager ReloadAssembly
Native extension for WindowsStandalone target not found
Refreshing native plugins compatible for Editor in 0.31 ms, found 2 plugins.
Preloading 0 native plugins for Editor in 0.00 ms.
Mono: successfully reloaded assembly
- Completed reload, in  1.183 seconds
Platform modules already initialized, skipping
Refreshing native plugins compatible for Editor in 0.38 ms, found 2 plugins.
Preloading 0 native plugins for Editor in 0.00 ms.
Unloading 1464 Unused Serialized files (Serialized files now loaded: 0)
System memory in use before: 86.3 MB.
System memory in use after: 86.4 MB.

Unloading 14 unused Assets to reduce memory usage. Loaded Objects now: 2034.
Total: 2.249500 ms (FindLiveObjects: 0.259500 ms CreateObjectMapping: 0.065800 ms MarkObjects: 1.861600 ms  DeleteObjects: 0.061400 ms)

========================================================================
Received Prepare
Registering precompiled user dll's ...
Registered in 0.003839 seconds.
Begin MonoManager ReloadAssembly
Native extension for WindowsStandalone target not found
Refreshing native plugins compatible for Editor in 0.30 ms, found 2 plugins.
Preloading 0 native plugins for Editor in 0.00 ms.
Mono: successfully reloaded assembly
- Completed reload, in  1.079 seconds
Platform modules already initialized, skipping
Refreshing native plugins compatible for Editor in 0.33 ms, found 2 plugins.
Preloading 0 native plugins for Editor in 0.00 ms.
Unloading 1464 Unused Serialized files (Serialized files now loaded: 0)
System memory in use before: 86.3 MB.
System memory in use after: 86.4 MB.

Unloading 14 unused Assets to reduce memory usage. Loaded Objects now: 2037.
Total: 1.918900 ms (FindLiveObjects: 0.153100 ms CreateObjectMapping: 0.081000 ms MarkObjects: 1.605000 ms  DeleteObjects: 0.079200 ms)

========================================================================
Received Prepare
Registering precompiled user dll's ...
Registered in 0.006354 seconds.
Begin MonoManager ReloadAssembly
Native extension for WindowsStandalone target not found
Refreshing native plugins compatible for Editor in 0.57 ms, found 2 plugins.
Preloading 0 native plugins for Editor in 0.00 ms.
Mono: successfully reloaded assembly
- Completed reload, in  1.644 seconds
Platform modules already initialized, skipping
Refreshing native plugins compatible for Editor in 0.37 ms, found 2 plugins.
Preloading 0 native plugins for Editor in 0.00 ms.
Unloading 1464 Unused Serialized files (Serialized files now loaded: 0)
System memory in use before: 86.3 MB.
System memory in use after: 86.4 MB.

Unloading 14 unused Assets to reduce memory usage. Loaded Objects now: 2040.
Total: 2.484800 ms (FindLiveObjects: 0.232400 ms CreateObjectMapping: 0.061300 ms MarkObjects: 2.115700 ms  DeleteObjects: 0.074200 ms)

========================================================================
Received Prepare
Registering precompiled user dll's ...
Registered in 0.003880 seconds.
Begin MonoManager ReloadAssembly
Native extension for WindowsStandalone target not found
Refreshing native plugins compatible for Editor in 0.32 ms, found 2 plugins.
Preloading 0 native plugins for Editor in 0.00 ms.
Mono: successfully reloaded assembly
- Completed reload, in  1.300 seconds
Platform modules already initialized, skipping
Refreshing native plugins compatible for Editor in 0.42 ms, found 2 plugins.
Preloading 0 native plugins for Editor in 0.00 ms.
Unloading 1464 Unused Serialized files (Serialized files now loaded: 0)
System memory in use before: 86.3 MB.
System memory in use after: 86.4 MB.

Unloading 14 unused Assets to reduce memory usage. Loaded Objects now: 2043.
Total: 2.246500 ms (FindLiveObjects: 0.267900 ms CreateObjectMapping: 0.099800 ms MarkObjects: 1.814200 ms  DeleteObjects: 0.063200 ms)

========================================================================
Received Prepare
Registering precompiled user dll's ...
Registered in 0.005801 seconds.
Begin MonoManager ReloadAssembly
Native extension for WindowsStandalone target not found
Refreshing native plugins compatible for Editor in 0.31 ms, found 2 plugins.
Preloading 0 native plugins for Editor in 0.00 ms.
Mono: successfully reloaded assembly
- Completed reload, in  1.558 seconds
Platform modules already initialized, skipping
Refreshing native plugins compatible for Editor in 0.53 ms, found 2 plugins.
Preloading 0 native plugins for Editor in 0.00 ms.
Unloading 1464 Unused Serialized files (Serialized files now loaded: 0)
System memory in use before: 86.3 MB.
System memory in use after: 86.4 MB.

Unloading 14 unused Assets to reduce memory usage. Loaded Objects now: 2046.
Total: 1.882700 ms (FindLiveObjects: 0.162700 ms CreateObjectMapping: 0.049800 ms MarkObjects: 1.616500 ms  DeleteObjects: 0.052500 ms)

========================================================================
Received Prepare
Registering precompiled user dll's ...
Registered in 0.004813 seconds.
Begin MonoManager ReloadAssembly
Native extension for WindowsStandalone target not found
Refreshing native plugins compatible for Editor in 0.34 ms, found 2 plugins.
Preloading 0 native plugins for Editor in 0.00 ms.
Mono: successfully reloaded assembly
- Completed reload, in  1.039 seconds
Platform modules already initialized, skipping
Refreshing native plugins compatible for Editor in 0.37 ms, found 2 plugins.
Preloading 0 native plugins for Editor in 0.00 ms.
Unloading 1464 Unused Serialized files (Serialized files now loaded: 0)
System memory in use before: 86.3 MB.
System memory in use after: 86.4 MB.

Unloading 14 unused Assets to reduce memory usage. Loaded Objects now: 2049.
Total: 1.917100 ms (FindLiveObjects: 0.150800 ms CreateObjectMapping: 0.045500 ms MarkObjects: 1.633100 ms  DeleteObjects: 0.086900 ms)

========================================================================
Received Import Request.
  Time since last request: 4023.006171 seconds.
  path: Assets/My_Prefab/Fruit/Cheese.prefab
  artifactKey: Guid(4c109c63e8653814fac54ebd40cf51c6) Importer(815301076,1909f56bfc062723c751e8b465ee728b)
Start importing Assets/My_Prefab/Fruit/Cheese.prefab using Guid(4c109c63e8653814fac54ebd40cf51c6) Importer(815301076,1909f56bfc062723c751e8b465ee728b)  -> (artifact id: 'bd9dd4133aee72d05e381f4d5a655752') in 0.148045 seconds
  Import took 0.151325 seconds .

========================================================================
Received Prepare
Registering precompiled user dll's ...
Registered in 0.005279 seconds.
Begin MonoManager ReloadAssembly
Native extension for WindowsStandalone target not found
Refreshing native plugins compatible for Editor in 0.30 ms, found 2 plugins.
Preloading 0 native plugins for Editor in 0.00 ms.
Mono: successfully reloaded assembly
- Completed reload, in  1.028 seconds
Platform modules already initialized, skipping
Refreshing native plugins compatible for Editor in 0.34 ms, found 2 plugins.
Preloading 0 native plugins for Editor in 0.00 ms.
Unloading 1464 Unused Serialized files (Serialized files now loaded: 0)
System memory in use before: 86.3 MB.
System memory in use after: 86.4 MB.

Unloading 14 unused Assets to reduce memory usage. Loaded Objects now: 2053.
Total: 2.479200 ms (FindLiveObjects: 0.471900 ms CreateObjectMapping: 0.111100 ms MarkObjects: 1.797100 ms  DeleteObjects: 0.098200 ms)

========================================================================
Received Prepare
Registering precompiled user dll's ...
Registered in 0.005553 seconds.
Begin MonoManager ReloadAssembly
Native extension for WindowsStandalone target not found
Refreshing native plugins compatible for Editor in 0.31 ms, found 2 plugins.
Preloading 0 native plugins for Editor in 0.00 ms.
Mono: successfully reloaded assembly
- Completed reload, in  1.196 seconds
Platform modules already initialized, skipping
Refreshing native plugins compatible for Editor in 0.42 ms, found 2 plugins.
Preloading 0 native plugins for Editor in 0.00 ms.
Unloading 1464 Unused Serialized files (Serialized files now loaded: 0)
System memory in use before: 86.3 MB.
System memory in use after: 86.4 MB.

Unloading 14 unused Assets to reduce memory usage. Loaded Objects now: 2056.
Total: 2.321600 ms (FindLiveObjects: 0.192100 ms CreateObjectMapping: 0.055900 ms MarkObjects: 2.012500 ms  DeleteObjects: 0.059900 ms)

========================================================================
Received Prepare
Registering precompiled user dll's ...
Registered in 0.004247 seconds.
Begin MonoManager ReloadAssembly
Native extension for WindowsStandalone target not found
Refreshing native plugins compatible for Editor in 0.35 ms, found 2 plugins.
Preloading 0 native plugins for Editor in 0.00 ms.
Mono: successfully reloaded assembly
- Completed reload, in  1.678 seconds
Platform modules already initialized, skipping
Refreshing native plugins compatible for Editor in 0.51 ms, found 2 plugins.
Preloading 0 native plugins for Editor in 0.00 ms.
Unloading 1464 Unused Serialized files (Serialized files now loaded: 0)
System memory in use before: 86.4 MB.
System memory in use after: 86.4 MB.

Unloading 14 unused Assets to reduce memory usage. Loaded Objects now: 2059.
Total: 3.414100 ms (FindLiveObjects: 0.272600 ms CreateObjectMapping: 0.095600 ms MarkObjects: 2.956400 ms  DeleteObjects: 0.087900 ms)

========================================================================
Received Prepare
Registering precompiled user dll's ...
Registered in 0.003808 seconds.
Begin MonoManager ReloadAssembly
Native extension for WindowsStandalone target not found
Refreshing native plugins compatible for Editor in 0.30 ms, found 2 plugins.
Preloading 0 native plugins for Editor in 0.00 ms.
Mono: successfully reloaded assembly
- Completed reload, in  1.051 seconds
Platform modules already initialized, skipping
Refreshing native plugins compatible for Editor in 0.34 ms, found 2 plugins.
Preloading 0 native plugins for Editor in 0.00 ms.
Unloading 1464 Unused Serialized files (Serialized files now loaded: 0)
System memory in use before: 86.4 MB.
System memory in use after: 86.4 MB.

Unloading 14 unused Assets to reduce memory usage. Loaded Objects now: 2062.
Total: 2.279500 ms (FindLiveObjects: 0.212800 ms CreateObjectMapping: 0.067400 ms MarkObjects: 1.841100 ms  DeleteObjects: 0.156100 ms)

========================================================================
Received Prepare
Registering precompiled user dll's ...
Registered in 0.005221 seconds.
Begin MonoManager ReloadAssembly
Native extension for WindowsStandalone target not found
Refreshing native plugins compatible for Editor in 0.31 ms, found 2 plugins.
Preloading 0 native plugins for Editor in 0.00 ms.
Mono: successfully reloaded assembly
- Completed reload, in  1.039 seconds
Platform modules already initialized, skipping
Refreshing native plugins compatible for Editor in 0.34 ms, found 2 plugins.
Preloading 0 native plugins for Editor in 0.00 ms.
Unloading 1464 Unused Serialized files (Serialized files now loaded: 0)
System memory in use before: 86.4 MB.
System memory in use after: 86.4 MB.

Unloading 14 unused Assets to reduce memory usage. Loaded Objects now: 2065.
Total: 2.902400 ms (FindLiveObjects: 0.169900 ms CreateObjectMapping: 0.054800 ms MarkObjects: 2.612800 ms  DeleteObjects: 0.063900 ms)

========================================================================
Received Prepare
Registering precompiled user dll's ...
Registered in 0.003782 seconds.
Begin MonoManager ReloadAssembly
Native extension for WindowsStandalone target not found
Refreshing native plugins compatible for Editor in 0.33 ms, found 2 plugins.
Preloading 0 native plugins for Editor in 0.00 ms.
Mono: successfully reloaded assembly
- Completed reload, in  1.073 seconds
Platform modules already initialized, skipping
Refreshing native plugins compatible for Editor in 0.35 ms, found 2 plugins.
Preloading 0 native plugins for Editor in 0.00 ms.
Unloading 1464 Unused Serialized files (Serialized files now loaded: 0)
System memory in use before: 86.4 MB.
System memory in use after: 86.5 MB.

Unloading 14 unused Assets to reduce memory usage. Loaded Objects now: 2068.
Total: 1.972600 ms (FindLiveObjects: 0.170400 ms CreateObjectMapping: 0.050700 ms MarkObjects: 1.692000 ms  DeleteObjects: 0.058200 ms)

========================================================================
Received Prepare
Registering precompiled user dll's ...
Registered in 0.010179 seconds.
Begin MonoManager ReloadAssembly
Native extension for WindowsStandalone target not found
Refreshing native plugins compatible for Editor in 0.36 ms, found 2 plugins.
Preloading 0 native plugins for Editor in 0.00 ms.
Mono: successfully reloaded assembly
- Completed reload, in  1.691 seconds
Platform modules already initialized, skipping
Refreshing native plugins compatible for Editor in 0.58 ms, found 2 plugins.
Preloading 0 native plugins for Editor in 0.00 ms.
Unloading 1464 Unused Serialized files (Serialized files now loaded: 0)
System memory in use before: 86.4 MB.
System memory in use after: 86.5 MB.

Unloading 14 unused Assets to reduce memory usage. Loaded Objects now: 2071.
Total: 4.385500 ms (FindLiveObjects: 0.204400 ms CreateObjectMapping: 0.084200 ms MarkObjects: 4.000400 ms  DeleteObjects: 0.095000 ms)

========================================================================
Received Prepare
Registering precompiled user dll's ...
Registered in 0.004187 seconds.
Begin MonoManager ReloadAssembly
Native extension for WindowsStandalone target not found
Refreshing native plugins compatible for Editor in 0.85 ms, found 2 plugins.
Preloading 0 native plugins for Editor in 0.00 ms.
Mono: successfully reloaded assembly
- Completed reload, in  1.053 seconds
Platform modules already initialized, skipping
Refreshing native plugins compatible for Editor in 0.36 ms, found 2 plugins.
Preloading 0 native plugins for Editor in 0.00 ms.
Unloading 1464 Unused Serialized files (Serialized files now loaded: 0)
System memory in use before: 86.4 MB.
System memory in use after: 86.5 MB.

Unloading 14 unused Assets to reduce memory usage. Loaded Objects now: 2074.
Total: 2.451100 ms (FindLiveObjects: 0.170000 ms CreateObjectMapping: 0.052200 ms MarkObjects: 2.108100 ms  DeleteObjects: 0.119300 ms)

========================================================================
Received Prepare
Registering precompiled user dll's ...
Registered in 0.005784 seconds.
Begin MonoManager ReloadAssembly
Native extension for WindowsStandalone target not found
Refreshing native plugins compatible for Editor in 0.62 ms, found 2 plugins.
Preloading 0 native plugins for Editor in 0.00 ms.
Mono: successfully reloaded assembly
- Completed reload, in  1.616 seconds
Platform modules already initialized, skipping
Refreshing native plugins compatible for Editor in 0.36 ms, found 2 plugins.
Preloading 0 native plugins for Editor in 0.00 ms.
Unloading 1464 Unused Serialized files (Serialized files now loaded: 0)
System memory in use before: 86.4 MB.
System memory in use after: 86.5 MB.

Unloading 14 unused Assets to reduce memory usage. Loaded Objects now: 2077.
Total: 3.940900 ms (FindLiveObjects: 0.359000 ms CreateObjectMapping: 0.126100 ms MarkObjects: 3.393700 ms  DeleteObjects: 0.060900 ms)

========================================================================
Received Prepare
Registering precompiled user dll's ...
Registered in 0.003873 seconds.
Begin MonoManager ReloadAssembly
Native extension for WindowsStandalone target not found
Refreshing native plugins compatible for Editor in 0.30 ms, found 2 plugins.
Preloading 0 native plugins for Editor in 0.00 ms.
Mono: successfully reloaded assembly
- Completed reload, in  1.059 seconds
Platform modules already initialized, skipping
Refreshing native plugins compatible for Editor in 0.35 ms, found 2 plugins.
Preloading 0 native plugins for Editor in 0.00 ms.
Unloading 1464 Unused Serialized files (Serialized files now loaded: 0)
System memory in use before: 86.4 MB.
System memory in use after: 86.5 MB.

Unloading 14 unused Assets to reduce memory usage. Loaded Objects now: 2080.
Total: 2.645000 ms (FindLiveObjects: 0.201300 ms CreateObjectMapping: 0.071800 ms MarkObjects: 2.308200 ms  DeleteObjects: 0.062700 ms)

========================================================================
Received Prepare
Registering precompiled user dll's ...
Registered in 0.005336 seconds.
Begin MonoManager ReloadAssembly
Native extension for WindowsStandalone target not found
Refreshing native plugins compatible for Editor in 1.10 ms, found 2 plugins.
Preloading 0 native plugins for Editor in 0.00 ms.
Mono: successfully reloaded assembly
- Completed reload, in  1.558 seconds
Platform modules already initialized, skipping
Refreshing native plugins compatible for Editor in 0.37 ms, found 2 plugins.
Preloading 0 native plugins for Editor in 0.00 ms.
Unloading 1464 Unused Serialized files (Serialized files now loaded: 0)
System memory in use before: 86.4 MB.
System memory in use after: 86.5 MB.

Unloading 14 unused Assets to reduce memory usage. Loaded Objects now: 2083.
Total: 3.365300 ms (FindLiveObjects: 0.381800 ms CreateObjectMapping: 0.075100 ms MarkObjects: 2.844900 ms  DeleteObjects: 0.062200 ms)

========================================================================
Received Import Request.
  Time since last request: 973.284239 seconds.
  path: Assets/My_Prefab/Fruit/Banana.prefab
  artifactKey: Guid(0acba344cb4e9cc44979ddadb6512218) Importer(815301076,1909f56bfc062723c751e8b465ee728b)
Start importing Assets/My_Prefab/Fruit/Banana.prefab using Guid(0acba344cb4e9cc44979ddadb6512218) Importer(815301076,1909f56bfc062723c751e8b465ee728b)  -> (artifact id: '4d9e64bc0eab95d662cafd2214cc3d69') in 0.098712 seconds
  Import took 0.102452 seconds .

========================================================================
Received Import Request.
  Time since last request: 3.421354 seconds.
  path: Assets/My_Prefab/Fruit/Cheese.prefab
  artifactKey: Guid(4c109c63e8653814fac54ebd40cf51c6) Importer(815301076,1909f56bfc062723c751e8b465ee728b)
Start importing Assets/My_Prefab/Fruit/Cheese.prefab using Guid(4c109c63e8653814fac54ebd40cf51c6) Importer(815301076,1909f56bfc062723c751e8b465ee728b)  -> (artifact id: 'b020e1722c301aab9f0c71d9b00532a0') in 0.031098 seconds
  Import took 0.033943 seconds .

========================================================================
Received Import Request.
  Time since last request: 1.455920 seconds.
  path: Assets/My_Prefab/Fruit/Hamburger.prefab
  artifactKey: Guid(afc9506d6e5f4b948a9dbd0c1006e527) Importer(815301076,1909f56bfc062723c751e8b465ee728b)
Start importing Assets/My_Prefab/Fruit/Hamburger.prefab using Guid(afc9506d6e5f4b948a9dbd0c1006e527) Importer(815301076,1909f56bfc062723c751e8b465ee728b)  -> (artifact id: 'e95c9d9f64389e2019c7e0365d8a6ff1') in 0.027986 seconds
  Import took 0.031516 seconds .

========================================================================
Received Import Request.
  Time since last request: 1.368651 seconds.
  path: Assets/My_Prefab/Fruit/Olive.prefab
  artifactKey: Guid(6736d329725afe449b78daddc727659e) Importer(815301076,1909f56bfc062723c751e8b465ee728b)
Start importing Assets/My_Prefab/Fruit/Olive.prefab using Guid(6736d329725afe449b78daddc727659e) Importer(815301076,1909f56bfc062723c751e8b465ee728b)  -> (artifact id: 'e37939a2d0d6c0325b695cb37a76a4b2') in 0.028105 seconds
  Import took 0.032013 seconds .

========================================================================
Received Prepare
Registering precompiled user dll's ...
Registered in 0.004874 seconds.
Begin MonoManager ReloadAssembly
Native extension for WindowsStandalone target not found
Refreshing native plugins compatible for Editor in 0.30 ms, found 2 plugins.
Preloading 0 native plugins for Editor in 0.00 ms.
Mono: successfully reloaded assembly
- Completed reload, in  1.072 seconds
Platform modules already initialized, skipping
Refreshing native plugins compatible for Editor in 0.34 ms, found 2 plugins.
Preloading 0 native plugins for Editor in 0.00 ms.
Unloading 1464 Unused Serialized files (Serialized files now loaded: 0)
System memory in use before: 86.4 MB.
System memory in use after: 86.5 MB.

Unloading 14 unused Assets to reduce memory usage. Loaded Objects now: 2087.
Total: 2.199000 ms (FindLiveObjects: 0.240300 ms CreateObjectMapping: 0.053400 ms MarkObjects: 1.819900 ms  DeleteObjects: 0.084400 ms)

========================================================================
Received Prepare
Registering precompiled user dll's ...
Registered in 0.003949 seconds.
Begin MonoManager ReloadAssembly
Native extension for WindowsStandalone target not found
Refreshing native plugins compatible for Editor in 0.31 ms, found 2 plugins.
Preloading 0 native plugins for Editor in 0.00 ms.
Mono: successfully reloaded assembly
- Completed reload, in  1.035 seconds
Platform modules already initialized, skipping
Refreshing native plugins compatible for Editor in 0.32 ms, found 2 plugins.
Preloading 0 native plugins for Editor in 0.00 ms.
Unloading 1464 Unused Serialized files (Serialized files now loaded: 0)
System memory in use before: 86.4 MB.
System memory in use after: 86.5 MB.

Unloading 14 unused Assets to reduce memory usage. Loaded Objects now: 2090.
Total: 1.966200 ms (FindLiveObjects: 0.165200 ms CreateObjectMapping: 0.048900 ms MarkObjects: 1.691500 ms  DeleteObjects: 0.059600 ms)

========================================================================
Received Import Request.
  Time since last request: 7731.549702 seconds.
  path: Assets/Script/PlayerHearth.cs
  artifactKey: Guid(bcd2f7cbd5d7f254984059a36ed9a5fe) Importer(815301076,1909f56bfc062723c751e8b465ee728b)
Start importing Assets/Script/PlayerHearth.cs using Guid(bcd2f7cbd5d7f254984059a36ed9a5fe) Importer(815301076,1909f56bfc062723c751e8b465ee728b)  -> (artifact id: '10a9c676c3e7a0132d7f4403944bb087') in 0.083631 seconds
  Import took 0.136104 seconds .

========================================================================
Received Import Request.
  Time since last request: 2.357445 seconds.
  path: Assets/Script/FruitDelete.cs
  artifactKey: Guid(def92cc5107081148986b8dba6ebc752) Importer(815301076,1909f56bfc062723c751e8b465ee728b)
Start importing Assets/Script/FruitDelete.cs using Guid(def92cc5107081148986b8dba6ebc752) Importer(815301076,1909f56bfc062723c751e8b465ee728b)  -> (artifact id: '848e43f7041a73f110cca9d04a4f117c') in 0.011258 seconds
  Import took 0.014202 seconds .

========================================================================
Received Import Request.
  Time since last request: 0.001084 seconds.
  path: Assets/Script/FruitDelete.cs
  artifactKey: Guid(def92cc5107081148986b8dba6ebc752) Importer(815301076,1909f56bfc062723c751e8b465ee728b)
Start importing Assets/Script/FruitDelete.cs using Guid(def92cc5107081148986b8dba6ebc752) Importer(815301076,1909f56bfc062723c751e8b465ee728b)  -> (artifact id: '848e43f7041a73f110cca9d04a4f117c') in 0.012007 seconds
  Import took 0.014592 seconds .

AssetImportWorkerClient::OnTransportError - code=2 error=End of file
